<?xml version="1.0" encoding="UTF-8"?>
<!-- Generated by org.testng.reporters.JUnitXMLReporter -->
<testsuite ignored="2" hostname="DESKTOP-E2AN8S0" failures="0" tests="1" name="Default test" time="66.895" errors="0" timestamp="05 Sep 2021 12:54:31 GMT">
  <testcase classname="testCase.SignUpTest" name="signOut" time="66.877"/>
  <testcase classname="testCase.SignUpTest" name="signInWithExistingEmail" time="0.0">
    <ignored/>
  </testcase> <!-- signInWithExistingEmail -->
  <testcase classname="testCase.SignUpTest" name="signUpWithNewEmail" time="0.0">
    <ignored/>
  </testcase> <!-- signUpWithNewEmail -->
</testsuite> <!-- Default test -->
