<?xml version="1.0" encoding="UTF-8"?>
<testng-results ignored="2" total="3" passed="1" failed="0" skipped="0">
  <reporter-output>
  </reporter-output>
  <suite started-at="2021-09-05T12:53:24Z" name="Default suite" finished-at="2021-09-05T12:54:31Z" duration-ms="66895">
    <groups>
    </groups>
    <test started-at="2021-09-05T12:53:24Z" name="Default test" finished-at="2021-09-05T12:54:31Z" duration-ms="66895">
      <class name="testCase.SignUpTest">
        <test-method signature="signOut()[pri:0, instance:testCase.SignUpTest@54ec8cc9]" started-at="2021-09-05T12:53:24Z" name="signOut" finished-at="2021-09-05T12:54:31Z" duration-ms="66877" status="PASS">
          <reporter-output>
          </reporter-output>
        </test-method> <!-- signOut -->
      </class> <!-- testCase.SignUpTest -->
    </test> <!-- Default test -->
  </suite> <!-- Default suite -->
</testng-results>
